Sat 26 Sep 2020 08:15:08 PM CEST


=====================CUB3D DESTROYER - DAMAGE REPORT=====================


==========================[DESTROYED STUFF # 1]==========================
./invalid_maps/invalid_tex_SO_020.cub
R 100 720
SO ../wolftex/greystone.png
NO ./wolftex/redbrick.png
EA ./wolftex/wood.png
WE ./wolftex/wood.png
S ./wolftex/barrel.png
C 255,200,160
F 122,122,122

11111111111111111
10000000000000001
10200000200000201
10000000000000001
10002000200020001
10000000000000001
10202020N02020201
10000000000000001
10002000200200001
10000000000000001
10200000200002001
10000000000000001
11111111111111111

PARSER OUTPUT:
